Build started 2018/4/4 星期三 17:54:35.
     1>Project "E:\Project\Word2Vec\Word2Vec\word2phrase\word2phrase.vcxproj" on node 2 (Rebuild target(s)).
     1>ClCompile:
         D:\VS2013\VC\bin\CL.exe /c /Zi /nologo /W3 /WX- /sdl /O2 /Oi /Oy- /GL /D _MBCS /Gm- /EHsc /MD /GS /Gy /fp:precise /Zc:wchar_t /Zc:forScope /Fo"Release\\" /Fd"Release\vc120.pdb" /Gd /TP /analyze- /errorReport:prompt word2phrase.cpp
         word2phrase.cpp
     1>word2phrase.cpp(71): warning C4244: 'return' : conversion from 'unsigned __int64' to 'int', possible loss of data
     1>word2phrase.cpp(104): warning C4244: 'argument' : conversion from '__int64' to 'size_t', possible loss of data
     1>word2phrase.cpp(108): warning C4244: '=' : conversion from '__int64' to 'int', possible loss of data
     1>word2phrase.cpp(109): warning C4244: 'return' : conversion from '__int64' to 'int', possible loss of data
     1>word2phrase.cpp(114): warning C4244: 'return' : conversion from '__int64' to 'int', possible loss of data
     1>word2phrase.cpp(122): warning C4244: 'argument' : conversion from '__int64' to 'size_t', possible loss of data
     1>word2phrase.cpp(136): warning C4244: 'argument' : conversion from '__int64' to 'size_t', possible loss of data
     1>word2phrase.cpp(289): warning C4244: '=' : conversion from 'double' to 'real', possible loss of data
     1>word2phrase.cpp(290): warning C4244: 'argument' : conversion from '__int64' to 'size_t', possible loss of data
       Link:
         D:\VS2013\VC\bin\link.exe /ERRORREPORT:PROMPT /OUT:"E:\Project\Word2Vec\Word2Vec\Release\word2phrase.exe" /NOLOGO kernel32.lib user32.lib gdi32.lib winspool.lib comdlg32.lib advapi32.lib shell32.lib ole32.lib oleaut32.lib uuid.lib odbc32.lib odbccp32.lib /MANIFEST /MANIFESTUAC:"level='asInvoker' uiAccess='false'" /manifest:embed /DEBUG /PDB:"E:\Project\Word2Vec\Word2Vec\Release\word2phrase.pdb" /OPT:REF /OPT:ICF /LTCG /TLBID:1 /DYNAMICBASE /NXCOMPAT /IMPLIB:"E:\Project\Word2Vec\Word2Vec\Release\word2phrase.lib" /MACHINE:X86 /SAFESEH Release\word2phrase.obj
         Generating code
         Finished generating code
         word2phrase.vcxproj -> E:\Project\Word2Vec\Word2Vec\Release\word2phrase.exe
     1>Done Building Project "E:\Project\Word2Vec\Word2Vec\word2phrase\word2phrase.vcxproj" (Rebuild target(s)).

Build succeeded.

Time Elapsed 00:00:01.70
